<?xml version="1.0" encoding="UTF-8"?>
<!-- Generated by org.testng.reporters.JUnitXMLReporter -->
<testsuite hostname="Priyanka" name="WalmartEndToEndTranscationFlow5" tests="5" failures="1" timestamp="12 Jan 2016 07:05:40 GMT" time="112.808" errors="0">
  <testcase name="SearchForItem" time="15.983" classname="test.WalmartEndToEndTranscationFlow"/>
  <testcase name="SelectItemViewProductDetails" time="25.036" classname="test.WalmartEndToEndTranscationFlow"/>
  <testcase name="AddItemToCart" time="1.8" classname="test.WalmartEndToEndTranscationFlow"/>
  <testcase name="ValidateItemAddedToCart" time="41.048" classname="test.WalmartEndToEndTranscationFlow">
    <failure type="java.lang.AssertionError">
      <![CDATA[java.lang.AssertionError
	at test.WalmartEndToEndTranscationFlow.ValidateItemAddedToCart(WalmartEndToEndTranscationFlow.java:157)
... Removed 24 stack frames]]>
    </failure>
  </testcase> <!-- ValidateItemAddedToCart -->
  <testcase name="EmptyCart" time="0.0" classname="test.WalmartEndToEndTranscationFlow">
    <skipped/>
  </testcase> <!-- EmptyCart -->
</testsuite> <!-- WalmartEndToEndTranscationFlow5 -->
